#
# A fatal error has been detected by the Java Runtime Environment:
#
#  EXCEPTION_ACCESS_VIOLATION (0xc0000005) at pc=0x00007ffea2390eca, pid=4088, tid=3368
#
# JRE version: Java(TM) SE Runtime Environment (18.0.2.1+1) (build 18.0.2.1+1-1)
# Java VM: Java HotSpot(TM) 64-Bit Server VM (18.0.2.1+1-1, mixed mode, sharing, tiered, compressed oops, compressed class ptrs, g1 gc, windows-amd64)
# Problematic frame:
# V  [jvm.dll+0x760eca]
#
# No core dump will be written. Minidumps are not enabled by default on client versions of Windows
#
# If you would like to submit a bug report, please visit:
#   https://bugreport.java.com/bugreport/crash.jsp
#

---------------  S U M M A R Y ------------

Command Line: -XX:+ShowCodeDetailsInExceptionMessages -agentlib:jdwp=transport=dt_socket,suspend=y,address=localhost:61859 -javaagent:C:\Users\virgi\Desktop\eclipse\configuration\org.eclipse.osgi\415\0\.cp\lib\javaagent-shaded.jar -Dfile.encoding=UTF-8 treasurequest.Program

Host: 11th Gen Intel(R) Core(TM) i7-1165G7 @ 2.80GHz, 8 cores, 15G,  Windows 11 , 64 bit Build 22621 (10.0.22621.1485)
Time: Sun May  7 23:35:07 2023 Paris, Madrid (heure duild 22621 (10.0.22621.1485) elapsed time: 143.637061 seconds (0d 0h 2m 23s)

---------------  T H R E A D  ---------------

Current thread (0x000001b9fea0e360):  JavaThread "JDWP Transport Listener: dt_socket" daemon [_thread_in_vm, id=3368, stack(0x0000007310f00000,0x0000007311000000)]

Stack: [0x0000007310f00000,0x0000007311000000],  sp=0x0000007310fff4b0,  free space=1021k
Native frames: (J=compiled Java code, j=interpreted, Vv=VM code, C=native code)
V  [jvm.dll+0x760eca]
V  [jvm.dll+0x52c54c]
V  [jvm.dll+0x4f3d5b]
C  [jdwp.dll+0x230a7]


siginfo: EXCEPTION_ACCESS_VIOLATION (0xc0000005), reading address 0x0000000001110020


Register to memory mapping:

RIP=0x00007ffea2390eca jvm.dll
RAX=0x0000000000000112 is an unknown value
RBX=0x000001b9fe866d70 points into unknown readable memory: 0x6e6961003b747369 | 69 73 74 3b 00 61 69 6e
RCX=0x000000000111001c is an unknown value
RDX=0x000001b9ff471b70 points into unknown readable memory: 0x727573616572744c | 4c 74 72 65 61 73 75 72
RSP=0x0000007310fff4b0 is pointing into the stack for thread: 0x000001b9fea0e360
RBP=0x000001b9fe9bd2e0 points into unknown readable memory: 0x0000000000000002 | 02 00 00 00 00 00 00 00
RSI=0x0 is NULL
RDI=0xffffffffffffffff is an unknown value
R8 =0x000000000000000f is an unknown value
R9 =0x0000000000000013 is an unknown value
R10=0x0 is NULL
R11=0x0000007310fff4d0 is pointing into the stack for thread: 0x000001b9fea0e360
R12=0x0000007310fff608 is pointing into the stack for thread: 0x000001b9fea0e360
R13=0x0 is NULL
R14=0x0000000800c8d548 is a pointer to class: 
treasurequest.domains.CaseMap {0x0000000800c8d550}
 - instance size:     3
 - klass size:        76
 - access:            public synchronized 
 - state:             fully_initialized
 - name:              'treasurequest/domains/CaseMap'
 - super:             'java/lang/Object'
 - sub:               
 - arrays:            NULL
 - methods:           Array<T>(0x000001b9fb10a658)
 - method ordering:   Array<T>(0x000001b9fb10b970)
 - default_methods:   Array<T>(0x000001b9fb102990)
 - default vtable indices:   Array<T>(0x000001b9fb1029a8)
 - local interfaces:  Array<T>(0x000001b9fb1015c8)
 - trans. interfaces: Array<T>(0x000001b9fb1015c8)
 - constants:         constant pool [275] {0x000001b9fb10cea0} for 'treasurequest/domains/CaseMap' cache=0x000001b9fb10d810
 - class loader data:  loader data: 0x000001b9fe8bdf20 for instance a 'jdk/internal/loader/ClassLoaders$AppClassLoader'{0x0000000712e2b3c8}
 - source file:       'CaseMap.java'
 - class annotations:       Array<T>(0x0000000000000000)
 - class type annotations:  Array<T>(0x0000000000000000)
 - field annotations:       Array<T>(0x0000000000000000)
 - field type annotations:  Array<T>(0x0000000000000000)
 - generic signature: '
[error occurred during error reporting (printing register info), id 0xc0000005, EXCEPTION_ACCESS_VIOLATION (0xc0000005) at pc=0x00007ffea2391ad6]

Registers:
RAX=0x0000000000000112, RBX=0x000001b9fe866d70, RCX=0x000000000111001c, RDX=0x000001b9ff471b70
RSP=0x0000007310fff4b0, RBP=0x000001b9fe9bd2e0, RSI=0x0000000000000000, RDI=0xffffffffffffffff
R8 =0x000000000000000f, R9 =0x0000000000000013, R10=0x0000000000000000, R11=0x0000007310fff4d0
R12=0x0000007310fff608, R13=0x0000000000000000, R14=0x0000000800c8d548, R15=0x0000007310fff658
RIP=0x00007ffea2390eca, EFLAGS=0x0000000000010202

Top of Stack: (sp=0x0000007310fff4b0)
0x0000007310fff4b0:   000000000000001d 0000000800c8d548
0x0000007310fff4c0:   000001b9fea0e360 0000000000000000
0x0000007310fff4d0:   ffffffffffffffff 00007ffea215c54c
0x0000007310fff4e0:   000001b9fe866d70 000001b9fe9bd2e0
0x0000007310fff4f0:   0000000000000000 000001b9fea0e5f0
0x0000007310fff500:   000001b9fe866d20 00000000000003d8
0x0000007310fff510:   000001b9fe866d30 000001b9fe867108
0x0000007310fff520:   0000000000000002 0000007310fff608
0x0000007310fff530:   0000000000000000 0000000000000000
0x0000007310fff540:   0000000713de5cf8 00007ffea2123d5b
0x0000007310fff550:   000001b9fea0e360 0000007310fff658
0x0000007310fff560:   000001b9d7830860 0000007310fff658
0x0000007310fff570:   000001b9fea0e360 0000000000000000
0x0000007310fff580:   000001b900000000 0000000000000000
0x0000007310fff590:   000000000000000d 00007fff09a430a7
0x0000007310fff5a0:   0000007310fff650 00007fff09a51718 

Instructions: (pc=0x00007ffea2390eca)
0x00007ffea2390dca:   48 8b f8 48 85 db 74 08 48 8b cb e8 16 ad f0 ff
0x00007ffea2390dda:   48 8b 5c 24 30 48 8b c7 48 83 c4 20 5f c3 8d 42
0x00007ffea2390dea:   06 83 ff 02 b9 08 00 00 00 0f 4e c1 45 33 c0 48
0x00007ffea2390dfa:   63 c8 48 83 c1 07 83 e1 f8 48 63 c9 41 8d 50 0b
0x00007ffea2390e0a:   48 83 c4 20 5f e9 1c 23 95 ff cc cc cc cc cc cc
0x00007ffea2390e1a:   cc cc cc cc cc cc 83 fa 02 8d 42 06 b9 08 00 00
0x00007ffea2390e2a:   00 4d 8b c8 0f 4e c1 48 63 c8 49 8b 40 18 48 83
0x00007ffea2390e3a:   c1 07 83 e1 f8 48 63 d1 49 8b 48 20 48 2b c8 48
0x00007ffea2390e4a:   3b ca 72 09 48 8d 0c 10 49 89 48 18 c3 45 33 c0
0x00007ffea2390e5a:   49 8b c9 e9 fe 80 95 ff cc cc cc cc cc cc cc cc
0x00007ffea2390e6a:   cc cc cc cc cc cc 4c 8b d2 4c 8b d9 45 85 c0 7e
0x00007ffea2390e7a:   3c 44 0f b7 49 04 41 8d 40 ff 41 3b c1 44 0f 4c
0x00007ffea2390e8a:   c8 4d 63 c1 45 85 c9 7e 1f 48 8b c2 4c 2b da 49
0x00007ffea2390e9a:   8b d0 0f 1f 40 00 41 0f b6 4c 03 06 88 08 48 8d
0x00007ffea2390eaa:   40 01 48 83 ea 01 75 ee 43 c6 04 10 00 49 8b c2
0x00007ffea2390eba:   c3 cc cc cc cc cc 48 89 5c 24 08 57 48 83 ec 20
0x00007ffea2390eca:   0f b7 59 04 48 8b f9 33 d2 48 8d 4b 01 e8 14 d4
0x00007ffea2390eda:   f8 ff 0f b7 57 04 4c 8b c0 3b da 0f 42 d3 44 8b
0x00007ffea2390eea:   ca 85 d2 74 39 48 2b f8 0f 1f 40 00 66 66 0f 1f
0x00007ffea2390efa:   84 00 00 00 00 00 0f b6 4c 07 06 88 08 48 ff c0
0x00007ffea2390f0a:   48 8b c8 49 2b c8 49 3b c9 7c eb 42 c6 04 02 00
0x00007ffea2390f1a:   49 8b c0 48 8b 5c 24 30 48 83 c4 20 5f c3 48 8b
0x00007ffea2390f2a:   5c 24 30 c6 04 02 00 48 83 c4 20 5f c3 cc cc cc
0x00007ffea2390f3a:   cc cc cc cc cc cc 4c 8b d1 45 85 c0 7e 6c 44 0f
0x00007ffea2390f4a:   b7 49 04 41 8d 40 ff 41 3b c1 44 0f 4c c8 4d 63
0x00007ffea2390f5a:   d9 45 85 c9 7e 22 48 8b ca 4c 2b d2 4d 8b c3 0f
0x00007ffea2390f6a:   1f 80 00 00 00 00 41 0f b6 44 0a 06 88 01 48 8d
0x00007ffea2390f7a:   49 01 49 83 e8 01 75 ee 41 c6 04 13 00 48 c7 c0
0x00007ffea2390f8a:   ff ff ff ff 66 90 48 ff c0 80 3c 02 00 75 f7 48
0x00007ffea2390f9a:   63 c8 85 c0 48 8b c2 7e 14 80 38 2f 75 03 c6 00
0x00007ffea2390faa:   2e 48 ff c0 48 83 e9 01 75 ef 48 8b c2 c3 cc cc
0x00007ffea2390fba:   cc cc cc cc cc cc 48 83 ec 28 e8 f7 fe ff ff 4c 


Stack slot to memory mapping:
stack at sp + 0 slots: 0x000000000000001d is an unknown value
stack at sp + 1 slots: 0x0000000800c8d548 is a pointer to class: 
treasurequest.domains.CaseMap {0x0000000800c8d550}
 - instance size:     3
 - klass size:        76
 - access:            public synchronized 
 - state:             fully_initialized
 - name:              'treasurequest/domains/CaseMap'
 - super:             'java/lang/Object'
 - sub:               
 - arrays:            NULL
 - methods:           Array<T>(0x000001b9fb10a658)
 - method ordering:   Array<T>(0x000001b9fb10b970)
 - default_methods:   Array<T>(0x000001b9fb102990)
 - default vtable indices:   Array<T>(0x000001b9fb1029a8)
 - local interfaces:  Array<T>(0x000001b9fb1015c8)
 - trans. interfaces: Array<T>(0x000001b9fb1015c8)
 - constants:         constant pool [275] {0x000001b9fb10cea0} for 'treasurequest/domains/CaseMap' cache=0x000001b9fb10d810
 - class loader data:  loader data: 0x000001b9fe8bdf20 for instance a 'jdk/internal/loader/ClassLoaders$AppClassLoader'{0x0000000712e2b3c8}
 - source file:       'CaseMap.java'
 - class annotations:       Array<T>(0x0000000000000000)
 - class type annotations:  Array<T>(0x0000000000000000)
 - field annotations:       Array<T>(0x0000000000000000)
 - field type annotations:  Array<T>(0x0000000000000000)
 - generic signature: '
[error occurred during error reporting (inspecting top of stack), id 0xc0000005, EXCEPTION_ACCESS_VIOLATION (0xc0000005) at pc=0x00007ffea2391ad6]


---------------  P R O C E S S  ---------------

Threads class SMR info:
_java_thread_list=0x000001b9ff56fc90, length=20, elements={
0x000001b9f9dab000, 0x000001b9f9dac1b0, 0x000001b9f9dc8c90, 0x000001b9f9dc9630,
0x000001b9f9dc9fd0, 0x000001b9f9dca970, 0x000001b9f9dd1980, 0x000001b9f9dd2360,
0x000001b9f9dd2d40, 0x000001b9fe87c9d0, 0x000001b9fea0e360, 0x000001b9fe97b100,
0x000001b9fe97ce00, 0x000001b9feb73640, 0x000001b9fef458b0, 0x000001b9fef46c00,
0x000001b9fef47e70, 0x000001b9fef4f3c0, 0x000001b9d7840dd0, 0x000001b9ff21dfd0
}

Java Threads: ( => current thread )
  0x000001b9f9dab000 JavaThread "Reference Handler" daemon [_thread_blocked, id=12344, stack(0x0000007310500000,0x0000007310600000)]
  0x000001b9f9dac1b0 JavaThread "Finalizer" daemon [_thread_blocked, id=20308, stack(0x0000007310600000,0x0000007310700000)]
  0x000001b9f9dc8c90 JavaThread "Signal Dispatcher" daemon [_thread_blocked, id=9544, stack(0x0000007310700000,0x0000007310800000)]
  0x000001b9f9dc9630 JavaThread "Attach Listener" daemon [_thread_blocked, id=20208, stack(0x0000007310800000,0x0000007310900000)]
  0x000001b9f9dc9fd0 JavaThread "Service Thread" daemon [_thread_blocked, id=7004, stack(0x0000007310900000,0x0000007310a00000)]
  0x000001b9f9dca970 JavaThread "Monitor Deflation Thread" daemon [_thread_blocked, id=5324, stack(0x0000007310a00000,0x0000007310b00000)]
  0x000001b9f9dd1980 JavaThread "C2 CompilerThread0" daemon [_thread_blocked, id=11708, stack(0x0000007310b00000,0x0000007310c00000)]
  0x000001b9f9dd2360 JavaThread "C1 CompilerThread0" daemon [_thread_blocked, id=7596, stack(0x0000007310c00000,0x0000007310d00000)]
  0x000001b9f9dd2d40 JavaThread "Sweeper thread" daemon [_thread_blocked, id=13644, stack(0x0000007310d00000,0x0000007310e00000)]
  0x000001b9fe87c9d0 JavaThread "Common-Cleaner" daemon [_thread_blocked, id=12648, stack(0x0000007310e00000,0x0000007310f00000)]
=>0x000001b9fea0e360 JavaThread "JDWP Transport Listener: dt_socket" daemon [_thread_in_vm, id=3368, stack(0x0000007310f00000,0x0000007311000000)]
  0x000001b9fe97b100 JavaThread "JDWP Event Helper Thread" daemon [_thread_blocked, id=5672, stack(0x0000007311000000,0x0000007311100000)]
  0x000001b9fe97ce00 JavaThread "JDWP Command Reader" daemon [_thread_in_native, id=19256, stack(0x0000007311100000,0x0000007311200000)]
  0x000001b9feb73640 JavaThread "Notification Thread" daemon [_thread_blocked, id=8908, stack(0x0000007311200000,0x0000007311300000)]
  0x000001b9fef458b0 JavaThread "Java2D Disposer" daemon [_thread_blocked, id=6752, stack(0x0000007311400000,0x0000007311500000)]
  0x000001b9fef46c00 JavaThread "AWT-Shutdown" [_thread_blocked, id=11552, stack(0x0000007311500000,0x0000007311600000)]
  0x000001b9fef47e70 JavaThread "AWT-Windows" daemon [_thread_in_native, id=20316, stack(0x0000007311600000,0x0000007311700000)]
  0x000001b9fef4f3c0 JavaThread "AWT-EventQueue-0" [_thread_blocked, id=8180, stack(0x0000007311700000,0x0000007311800000)]
  0x000001b9d7840dd0 JavaThread "DestroyJavaVM" [_thread_blocked, id=1764, stack(0x000000730fe00000,0x000000730ff00000)]
  0x000001b9ff21dfd0 JavaThread "TimerQueue" daemon [_thread_blocked, id=16668, stack(0x0000007311900000,0x0000007311a00000)]

Other Threads:
  0x000001b9f9da5b80 VMThread "VM Thread" [stack: 0x0000007310400000,0x0000007310500000] [id=13692]
  0x000001b9feb73ca0 WatcherThread "VM Periodic Task Thread" [stack: 0x0000007311300000,0x0000007311400000] [id=11752]
  0x000001b9d78b32d0 WorkerThread "GC Thread#0" [stack: 0x000000730ff00000,0x0000007310000000] [id=11976]
  0x000001b9ff51cf90 WorkerThread "GC Thread#1" [stack: 0x0000007311a00000,0x0000007311b00000] [id=13224]
  0x000001b9ff51d230 WorkerThread "GC Thread#2" [stack: 0x0000007311b00000,0x0000007311c00000] [id=13480]
  0x000001b9ff51d4d0 WorkerThread "GC Thread#3" [stack: 0x0000007311c00000,0x0000007311d00000] [id=2944]
  0x000001b9ff51d770 WorkerThread "GC Thread#4" [stack: 0x0000007311d00000,0x0000007311e00000] [id=18156]
  0x000001b9ff51da10 WorkerThread "GC Thread#5" [stack: 0x0000007311e00000,0x0000007311f00000] [id=10040]
  0x000001b9ff4fbc60 WorkerThread "GC Thread#6" [stack: 0x0000007311f00000,0x0000007312000000] [id=9772]
  0x000001b9ff4fbf00 WorkerThread "GC Thread#7" [stack: 0x0000007312000000,0x0000007312100000] [id=4976]
  0x000001b9d78c3eb0 ConcurrentGCThread "G1 Main Marker" [stack: 0x0000007310000000,0x0000007310100000] [id=13248]
  0x000001b9d78c5ef0 WorkerThread "G1 Conc#0" [stack: 0x0000007310100000,0x0000007310200000] [id=12264]
  0x000001b9d78f60e0 ConcurrentGCThread "G1 Refine#0" [stack: 0x0000007310200000,0x0000007310300000] [id=15496]
  0x000001b9d78f6890 ConcurrentGCThread "G1 Service" [stack: 0x0000007310300000,0x0000007310400000] [id=12232]

Threads with active compile tasks:

VM state: not at safepoint (normal execution)

VM Mutex/Monitor currently owned by a thread: None

Heap address: 0x0000000704a00000, size: 4022 MB, Compressed Oops mode: Zero based, Oop shift amount: 3

CDS archive(s) mapped at: [0x0000000800000000-0x0000000800ba0000-0x0000000800ba0000), size 12189696, SharedBaseAddress: 0x0000000800000000, ArchiveRelocationMode: 0.
Compressed class space mapped at: 0x0000000800c00000-0x0000000840c00000, reserved size: 1073741824
Narrow klass base: 0x0000000800000000, Narrow klass shift: 0, Narrow klass range: 0x100000000

GC Precious Log:
 CardTable entry size: 512
 Card Set container configuration: InlinePtr #cards 4 size 8 Array Of Cards #cards 16 size 48 Howl #buckets 8 coarsen threshold 3686 Howl Bitmap #cards 512 size 80 coarsen threshold 460 Card regions per heap region 1 cards per card region 4096
 CPUs: 8 total, 8 available
 Memory: 16086M
 Large Page Support: Disabled
 NUMA Support: Disabled
 Compressed Oops: Enabled (Zero based)
 Heap Region Size: 2M
 Heap Min Capacity: 8M
 Heap Initial Capacity: 252M
 Heap Max Capacity: 4022M
 Pre-touch: Disabled
 Parallel Workers: 8
 Concurrent Workers: 2
 Concurrent Refinement Workers: 8
 Periodic GC: Disabled

Heap:
 garbage-first heap   total 258048K, used 29168K [0x0000000704a00000, 0x0000000800000000)
  region size 2048K, 8 young (16384K), 2 survivors (4096K)
 Metaspace       used 10146K, committed 10368K, reserved 1114112K
  class space    used 1063K, committed 1216K, reserved 1048576K

Heap Regions: E=young(eden), S=young(survivor), O=old, HS=humongous(starts), HC=humongous(continues), CS=collection set, F=free, OA=open archive, CA=closed archive, TAMS=top-at-mark-start (previous, next)
|   0|0x0000000704a00000, 0x0000000704c00000, 0x0000000704c00000|100%|HS|  |TAMS 0x0000000704a00000, 0x0000000704a00000| Complete 
|   1|0x0000000704c00000, 0x0000000704e00000, 0x0000000704e00000|100%|HC|  |TAMS 0x0000000704c00000, 0x0000000704c00000| Complete 
|   2|0x0000000704e00000, 0x0000000705000000, 0x0000000705000000|100%|HS|  |TAMS 0x0000000704e00000, 0x0000000704e00000| Complete 
|   3|0x0000000705000000, 0x0000000705200000, 0x0000000705200000|100%|HC|  |TAMS 0x0000000705000000, 0x0000000705000000| Complete 
|   4|0x0000000705200000, 0x0000000705400000, 0x0000000705400000|100%|HS|  |TAMS 0x0000000705200000, 0x0000000705200000| Complete 
|   5|0x0000000705400000, 0x0000000705600000, 0x0000000705600000|100%|HC|  |TAMS 0x0000000705400000, 0x0000000705400000| Complete 
|   6|0x0000000705600000, 0x0000000705800000, 0x0000000705800000|100%|HC|  |TAMS 0x0000000705600000, 0x0000000705600000| Complete 
|   7|0x0000000705800000, 0x000000070587c200, 0x0000000705a00000| 24%| O|  |TAMS 0x0000000705800000, 0x0000000705800000| Untracked 
|   8|0x0000000705a00000, 0x0000000705a00000, 0x0000000705c00000|  0%| F|  |TAMS 0x0000000705a00000, 0x0000000705a00000| Untracked 
|   9|0x0000000705c00000, 0x0000000705c00000, 0x0000000705e00000|  0%| F|  |TAMS 0x0000000705c00000, 0x0000000705c00000| Untracked 
|  10|0x0000000705e00000, 0x0000000705e00000, 0x0000000706000000|  0%| F|  |TAMS 0x0000000705e00000, 0x0000000705e00000| Untracked 
|  11|0x0000000706000000, 0x0000000706000000, 0x0000000706200000|  0%| F|  |TAMS 0x0000000706000000, 0x0000000706000000| Untracked 
|  12|0x0000000706200000, 0x0000000706200000, 0x0000000706400000|  0%| F|  |TAMS 0x0000000706200000, 0x0000000706200000| Untracked 
|  13|0x0000000706400000, 0x0000000706400000, 0x0000000706600000|  0%| F|  |TAMS 0x0000000706400000, 0x0000000706400000| Untracked 
|  14|0x0000000706600000, 0x0000000706600000, 0x0000000706800000|  0%| F|  |TAMS 0x0000000706600000, 0x0000000706600000| Untracked 
|  15|0x0000000706800000, 0x0000000706800000, 0x0000000706a00000|  0%| F|  |TAMS 0x0000000706800000, 0x0000000706800000| Untracked 
|  16|0x0000000706a00000, 0x0000000706a00000, 0x0000000706c00000|  0%| F|  |TAMS 0x0000000706a00000, 0x0000000706a00000| Untracked 
|  17|0x0000000706c00000, 0x0000000706c00000, 0x0000000706e00000|  0%| F|  |TAMS 0x0000000706c00000, 0x0000000706c00000| Untracked 
|  18|0x0000000706e00000, 0x0000000706e00000, 0x0000000707000000|  0%| F|  |TAMS 0x0000000706e00000, 0x0000000706e00000| Untracked 
|  19|0x0000000707000000, 0x0000000707000000, 0x0000000707200000|  0%| F|  |TAMS 0x0000000707000000, 0x0000000707000000| Untracked 
|  20|0x0000000707200000, 0x0000000707200000, 0x0000000707400000|  0%| F|  |TAMS 0x0000000707200000, 0x0000000707200000| Untracked 
|  21|0x0000000707400000, 0x0000000707400000, 0x0000000707600000|  0%| F|  |TAMS 0x0000000707400000, 0x0000000707400000| Untracked 
|  22|0x0000000707600000, 0x0000000707600000, 0x0000000707800000|  0%| F|  |TAMS 0x0000000707600000, 0x0000000707600000| Untracked 
|  23|0x0000000707800000, 0x0000000707800000, 0x0000000707a00000|  0%| F|  |TAMS 0x0000000707800000, 0x0000000707800000| Untracked 
|  24|0x0000000707a00000, 0x0000000707a00000, 0x0000000707c00000|  0%| F|  |TAMS 0x0000000707a00000, 0x0000000707a00000| Untracked 
|  25|0x0000000707c00000, 0x0000000707c00000, 0x0000000707e00000|  0%| F|  |TAMS 0x0000000707c00000, 0x0000000707c00000| Untracked 
|  26|0x0000000707e00000, 0x0000000707e00000, 0x0000000708000000|  0%| F|  |TAMS 0x0000000707e00000, 0x0000000707e00000| Untracked 
|  27|0x0000000708000000, 0x0000000708000000, 0x0000000708200000|  0%| F|  |TAMS 0x0000000708000000, 0x0000000708000000| Untracked 
|  28|0x0000000708200000, 0x0000000708200000, 0x0000000708400000|  0%| F|  |TAMS 0x0000000708200000, 0x0000000708200000| Untracked 
|  29|0x0000000708400000, 0x0000000708400000, 0x0000000708600000|  0%| F|  |TAMS 0x0000000708400000, 0x0000000708400000| Untracked 
|  30|0x0000000708600000, 0x0000000708600000, 0x0000000708800000|  0%| F|  |TAMS 0x0000000708600000, 0x0000000708600000| Untracked 
|  31|0x0000000708800000, 0x0000000708800000, 0x0000000708a00000|  0%| F|  |TAMS 0x0000000708800000, 0x0000000708800000| Untracked 
|  32|0x0000000708a00000, 0x0000000708a00000, 0x0000000708c00000|  0%| F|  |TAMS 0x0000000708a00000, 0x0000000708a00000| Untracked 
|  33|0x0000000708c00000, 0x0000000708c00000, 0x0000000708e00000|  0%| F|  |TAMS 0x0000000708c00000, 0x0000000708c00000| Untracked 
|  34|0x0000000708e00000, 0x0000000708e00000, 0x0000000709000000|  0%| F|  |TAMS 0x0000000708e00000, 0x0000000708e00000| Untracked 
|  35|0x0000000709000000, 0x0000000709000000, 0x0000000709200000|  0%| F|  |TAMS 0x0000000709000000, 0x0000000709000000| Untracked 
|  36|0x0000000709200000, 0x0000000709200000, 0x0000000709400000|  0%| F|  |TAMS 0x0000000709200000, 0x0000000709200000| Untracked 
|  37|0x0000000709400000, 0x0000000709400000, 0x0000000709600000|  0%| F|  |TAMS 0x0000000709400000, 0x0000000709400000| Untracked 
|  38|0x0000000709600000, 0x0000000709600000, 0x0000000709800000|  0%| F|  |TAMS 0x0000000709600000, 0x0000000709600000| Untracked 
|  39|0x0000000709800000, 0x0000000709800000, 0x0000000709a00000|  0%| F|  |TAMS 0x0000000709800000, 0x0000000709800000| Untracked 
|  40|0x0000000709a00000, 0x0000000709a00000, 0x0000000709c00000|  0%| F|  |TAMS 0x0000000709a00000, 0x0000000709a00000| Untracked 
|  41|0x0000000709c00000, 0x0000000709c00000, 0x0000000709e00000|  0%| F|  |TAMS 0x0000000709c00000, 0x0000000709c00000| Untracked 
|  42|0x0000000709e00000, 0x0000000709e00000, 0x000000070a000000|  0%| F|  |TAMS 0x0000000709e00000, 0x0000000709e00000| Untracked 
|  43|0x000000070a000000, 0x000000070a000000, 0x000000070a200000|  0%| F|  |TAMS 0x000000070a000000, 0x000000070a000000| Untracked 
|  44|0x000000070a200000, 0x000000070a200000, 0x000000070a400000|  0%| F|  |TAMS 0x000000070a200000, 0x000000070a200000| Untracked 
|  45|0x000000070a400000, 0x000000070a400000, 0x000000070a600000|  0%| F|  |TAMS 0x000000070a400000, 0x000000070a400000| Untracked 
|  46|0x000000070a600000, 0x000000070a600000, 0x000000070a800000|  0%| F|  |TAMS 0x000000070a600000, 0x000000070a600000| Untracked 
|  47|0x000000070a800000, 0x000000070a800000, 0x000000070aa00000|  0%| F|  |TAMS 0x000000070a800000, 0x000000070a800000| Untracked 
|  48|0x000000070aa00000, 0x000000070aa00000, 0x000000070ac00000|  0%| F|  |TAMS 0x000000070aa00000, 0x000000070aa00000| Untracked 
|  49|0x000000070ac00000, 0x000000070ac00000, 0x000000070ae00000|  0%| F|  |TAMS 0x000000070ac00000, 0x000000070ac00000| Untracked 
|  50|0x000000070ae00000, 0x000000070ae00000, 0x000000070b000000|  0%| F|  |TAMS 0x000000070ae00000, 0x000000070ae00000| Untracked 
|  51|0x000000070b000000, 0x000000070b000000, 0x000000070b200000|  0%| F|  |TAMS 0x000000070b000000, 0x000000070b000000| Untracked 
|  52|0x000000070b200000, 0x000000070b200000, 0x000000070b400000|  0%| F|  |TAMS 0x000000070b200000, 0x000000070b200000| Untracked 
|  53|0x000000070b400000, 0x000000070b400000, 0x000000070b600000|  0%| F|  |TAMS 0x000000070b400000, 0x000000070b400000| Untracked 
|  54|0x000000070b600000, 0x000000070b600000, 0x000000070b800000|  0%| F|  |TAMS 0x000000070b600000, 0x000000070b600000| Untracked 
|  55|0x000000070b800000, 0x000000070b800000, 0x000000070ba00000|  0%| F|  |TAMS 0x000000070b800000, 0x000000070b800000| Untracked 
|  56|0x000000070ba00000, 0x000000070ba00000, 0x000000070bc00000|  0%| F|  |TAMS 0x000000070ba00000, 0x000000070ba00000| Untracked 
|  57|0x000000070bc00000, 0x000000070bc00000, 0x000000070be00000|  0%| F|  |TAMS 0x000000070bc00000, 0x000000070bc00000| Untracked 
|  58|0x000000070be00000, 0x000000070be00000, 0x000000070c000000|  0%| F|  |TAMS 0x000000070be00000, 0x000000070be00000| Untracked 
|  59|0x000000070c000000, 0x000000070c000000, 0x000000070c200000|  0%| F|  |TAMS 0x000000070c000000, 0x000000070c000000| Untracked 
|  60|0x000000070c200000, 0x000000070c200000, 0x000000070c400000|  0%| F|  |TAMS 0x000000070c200000, 0x000000070c200000| Untracked 
|  61|0x000000070c400000, 0x000000070c400000, 0x000000070c600000|  0%| F|  |TAMS 0x000000070c400000, 0x000000070c400000| Untracked 
|  62|0x000000070c600000, 0x000000070c600000, 0x000000070c800000|  0%| F|  |TAMS 0x000000070c600000, 0x000000070c600000| Untracked 
|  63|0x000000070c800000, 0x000000070c800000, 0x000000070ca00000|  0%| F|  |TAMS 0x000000070c800000, 0x000000070c800000| Untracked 
|  64|0x000000070ca00000, 0x000000070ca00000, 0x000000070cc00000|  0%| F|  |TAMS 0x000000070ca00000, 0x000000070ca00000| Untracked 
|  65|0x000000070cc00000, 0x000000070cc00000, 0x000000070ce00000|  0%| F|  |TAMS 0x000000070cc00000, 0x000000070cc00000| Untracked 
|  66|0x000000070ce00000, 0x000000070ce00000, 0x000000070d000000|  0%| F|  |TAMS 0x000000070ce00000, 0x000000070ce00000| Untracked 
|  67|0x000000070d000000, 0x000000070d000000, 0x000000070d200000|  0%| F|  |TAMS 0x000000070d000000, 0x000000070d000000| Untracked 
|  68|0x000000070d200000, 0x000000070d200000, 0x000000070d400000|  0%| F|  |TAMS 0x000000070d200000, 0x000000070d200000| Untracked 
|  69|0x000000070d400000, 0x000000070d400000, 0x000000070d600000|  0%| F|  |TAMS 0x000000070d400000, 0x000000070d400000| Untracked 
|  70|0x000000070d600000, 0x000000070d600000, 0x000000070d800000|  0%| F|  |TAMS 0x000000070d600000, 0x000000070d600000| Untracked 
|  71|0x000000070d800000, 0x000000070d800000, 0x000000070da00000|  0%| F|  |TAMS 0x000000070d800000, 0x000000070d800000| Untracked 
|  72|0x000000070da00000, 0x000000070da00000, 0x000000070dc00000|  0%| F|  |TAMS 0x000000070da00000, 0x000000070da00000| Untracked 
|  73|0x000000070dc00000, 0x000000070dc00000, 0x000000070de00000|  0%| F|  |TAMS 0x000000070dc00000, 0x000000070dc00000| Untracked 
|  74|0x000000070de00000, 0x000000070de00000, 0x000000070e000000|  0%| F|  |TAMS 0x000000070de00000, 0x000000070de00000| Untracked 
|  75|0x000000070e000000, 0x000000070e000000, 0x000000070e200000|  0%| F|  |TAMS 0x000000070e000000, 0x000000070e000000| Untracked 
|  76|0x000000070e200000, 0x000000070e200000, 0x000000070e400000|  0%| F|  |TAMS 0x000000070e200000, 0x000000070e200000| Untracked 
|  77|0x000000070e400000, 0x000000070e400000, 0x000000070e600000|  0%| F|  |TAMS 0x000000070e400000, 0x000000070e400000| Untracked 
|  78|0x000000070e600000, 0x000000070e600000, 0x000000070e800000|  0%| F|  |TAMS 0x000000070e600000, 0x000000070e600000| Untracked 
|  79|0x000000070e800000, 0x000000070e800000, 0x000000070ea00000|  0%| F|  |TAMS 0x000000070e800000, 0x000000070e800000| Untracked 
|  80|0x000000070ea00000, 0x000000070ea00000, 0x000000070ec00000|  0%| F|  |TAMS 0x000000070ea00000, 0x000000070ea00000| Untracked 
|  81|0x000000070ec00000, 0x000000070ec00000, 0x000000070ee00000|  0%| F|  |TAMS 0x000000070ec00000, 0x000000070ec00000| Untracked 
|  82|0x000000070ee00000, 0x000000070ee00000, 0x000000070f000000|  0%| F|  |TAMS 0x000000070ee00000, 0x000000070ee00000| Untracked 
|  83|0x000000070f000000, 0x000000070f000000, 0x000000070f200000|  0%| F|  |TAMS 0x000000070f000000, 0x000000070f000000| Untracked 
|  84|0x000000070f200000, 0x000000070f200000, 0x000000070f400000|  0%| F|  |TAMS 0x000000070f200000, 0x000000070f200000| Untracked 
|  85|0x000000070f400000, 0x000000070f400000, 0x000000070f600000|  0%| F|  |TAMS 0x000000070f400000, 0x000000070f400000| Untracked 
|  86|0x000000070f600000, 0x000000070f600000, 0x000000070f800000|  0%| F|  |TAMS 0x000000070f600000, 0x000000070f600000| Untracked 
|  87|0x000000070f800000, 0x000000070f800000, 0x000000070fa00000|  0%| F|  |TAMS 0x000000070f800000, 0x000000070f800000| Untracked 
|  88|0x000000070fa00000, 0x000000070fa00000, 0x000000070fc00000|  0%| F|  |TAMS 0x000000070fa00000, 0x000000070fa00000| Untracked 
|  89|0x000000070fc00000, 0x000000070fc00000, 0x000000070fe00000|  0%| F|  |TAMS 0x000000070fc00000, 0x000000070fc00000| Untracked 
|  90|0x000000070fe00000, 0x000000070fe00000, 0x0000000710000000|  0%| F|  |TAMS 0x000000070fe00000, 0x000000070fe00000| Untracked 
|  91|0x0000000710000000, 0x0000000710000000, 0x0000000710200000|  0%| F|  |TAMS 0x0000000710000000, 0x0000000710000000| Untracked 
|  92|0x0000000710200000, 0x0000000710200000, 0x0000000710400000|  0%| F|  |TAMS 0x0000000710200000, 0x0000000710200000| Untracked 
|  93|0x0000000710400000, 0x0000000710400000, 0x0000000710600000|  0%| F|  |TAMS 0x0000000710400000, 0x0000000710400000| Untracked 
|  94|0x0000000710600000, 0x0000000710600000, 0x0000000710800000|  0%| F|  |TAMS 0x0000000710600000, 0x0000000710600000| Untracked 
|  95|0x0000000710800000, 0x0000000710800000, 0x0000000710a00000|  0%| F|  |TAMS 0x0000000710800000, 0x0000000710800000| Untracked 
|  96|0x0000000710a00000, 0x0000000710a00000, 0x0000000710c00000|  0%| F|  |TAMS 0x0000000710a00000, 0x0000000710a00000| Untracked 
|  97|0x0000000710c00000, 0x0000000710c00000, 0x0000000710e00000|  0%| F|  |TAMS 0x0000000710c00000, 0x0000000710c00000| Untracked 
|  98|0x0000000710e00000, 0x0000000710e00000, 0x0000000711000000|  0%| F|  |TAMS 0x0000000710e00000, 0x0000000710e00000| Untracked 
|  99|0x0000000711000000, 0x0000000711000000, 0x0000000711200000|  0%| F|  |TAMS 0x0000000711000000, 0x0000000711000000| Untracked 
| 100|0x0000000711200000, 0x0000000711200000, 0x0000000711400000|  0%| F|  |TAMS 0x0000000711200000, 0x0000000711200000| Untracked 
| 101|0x0000000711400000, 0x0000000711400000, 0x0000000711600000|  0%| F|  |TAMS 0x0000000711400000, 0x0000000711400000| Untracked 
| 102|0x0000000711600000, 0x0000000711600000, 0x0000000711800000|  0%| F|  |TAMS 0x0000000711600000, 0x0000000711600000| Untracked 
| 103|0x0000000711800000, 0x0000000711800000, 0x0000000711a00000|  0%| F|  |TAMS 0x0000000711800000, 0x0000000711800000| Untracked 
| 104|0x0000000711a00000, 0x0000000711a00000, 0x0000000711c00000|  0%| F|  |TAMS 0x0000000711a00000, 0x0000000711a00000| Untracked 
| 105|0x0000000711c00000, 0x0000000711c00000, 0x0000000711e00000|  0%| F|  |TAMS 0x0000000711c00000, 0x0000000711c00000| Untracked 
| 106|0x0000000711e00000, 0x0000000711e00000, 0x0000000712000000|  0%| F|  |TAMS 0x0000000711e00000, 0x0000000711e00000| Untracked 
| 107|0x0000000712000000, 0x0000000712000000, 0x0000000712200000|  0%| F|  |TAMS 0x0000000712000000, 0x0000000712000000| Untracked 
| 108|0x0000000712200000, 0x0000000712200000, 0x0000000712400000|  0%| F|  |TAMS 0x0000000712200000, 0x0000000712200000| Untracked 
| 109|0x0000000712400000, 0x0000000712400000, 0x0000000712600000|  0%| F|  |TAMS 0x0000000712400000, 0x0000000712400000| Untracked 
| 110|0x0000000712600000, 0x0000000712600000, 0x0000000712800000|  0%| F|  |TAMS 0x0000000712600000, 0x0000000712600000| Untracked 
| 111|0x0000000712800000, 0x0000000712800000, 0x0000000712a00000|  0%| F|  |TAMS 0x0000000712800000, 0x0000000712800000| Untracked 
| 112|0x0000000712a00000, 0x0000000712a00000, 0x0000000712c00000|  0%| F|  |TAMS 0x0000000712a00000, 0x0000000712a00000| Untracked 
| 113|0x0000000712c00000, 0x0000000712e00000, 0x0000000712e00000|100%| S|CS|TAMS 0x0000000712c00000, 0x0000000712c00000| Complete 
| 114|0x0000000712e00000, 0x0000000713000000, 0x0000000713000000|100%| S|CS|TAMS 0x0000000712e00000, 0x0000000712e00000| Complete 
| 115|0x0000000713000000, 0x0000000713000000, 0x0000000713200000|  0%| F|  |TAMS 0x0000000713000000, 0x0000000713000000| Untracked 
| 116|0x0000000713200000, 0x0000000713200000, 0x0000000713400000|  0%| F|  |TAMS 0x0000000713200000, 0x0000000713200000| Untracked 
| 117|0x0000000713400000, 0x0000000713400000, 0x0000000713600000|  0%| F|  |TAMS 0x0000000713400000, 0x0000000713400000| Untracked 
| 118|0x0000000713600000, 0x0000000713600000, 0x0000000713800000|  0%| F|  |TAMS 0x0000000713600000, 0x0000000713600000| Untracked 
| 119|0x0000000713800000, 0x0000000713800000, 0x0000000713a00000|  0%| F|  |TAMS 0x0000000713800000, 0x0000000713800000| Untracked 
| 120|0x0000000713a00000, 0x0000000713acc0a0, 0x0000000713c00000| 39%| E|  |TAMS 0x0000000713a00000, 0x0000000713a00000| Complete 
| 121|0x0000000713c00000, 0x0000000713e00000, 0x0000000713e00000|100%| E|CS|TAMS 0x0000000713c00000, 0x0000000713c00000| Complete 
| 122|0x0000000713e00000, 0x0000000714000000, 0x0000000714000000|100%| E|CS|TAMS 0x0000000713e00000, 0x0000000713e00000| Complete 
| 123|0x0000000714000000, 0x0000000714200000, 0x0000000714200000|100%| E|CS|TAMS 0x0000000714000000, 0x0000000714000000| Complete 
| 124|0x0000000714200000, 0x0000000714400000, 0x0000000714400000|100%| E|CS|TAMS 0x0000000714200000, 0x0000000714200000| Complete 
| 125|0x0000000714400000, 0x0000000714600000, 0x0000000714600000|100%| E|CS|TAMS 0x0000000714400000, 0x0000000714400000| Complete 

Card table byte_map: [0x000001b9eec80000,0x000001b9ef460000] _byte_map_base: 0x000001b9eb45b000

Marking Bits (Prev, Next): (CMBitMap*) 0x000001b9d78b38d0, (CMBitMap*) 0x000001b9d78b3910
 Prev Bits: [0x000001b9efc40000, 0x000001b9f3b18000)
 Next Bits: [0x000001b9f3b20000, 0x000001b9f79f8000)

Polling page: 0x000001b9d7000000

Metaspace:

Usage:
  Non-class:      8.87 MB used.
      Class:      1.04 MB used.
       Both:      9.91 MB used.

Virtual space:
  Non-class space:       64.00 MB reserved,       8.94 MB ( 14%) committed,  1 nodes.
      Class space:        1.00 GB reserved,       1.19 MB ( <1%) committed,  1 nodes.
             Both:        1.06 GB reserved,      10.12 MB ( <1%) committed. 

Chunk freelists:
   Non-Class:  2.94 MB
       Class:  2.75 MB
        Both:  5.68 MB

MaxMetaspaceSize: unlimited
CompressedClassSpaceSize: 1.00 GB
Initial GC threshold: 21.00 MB
Current GC threshold: 21.00 MB
CDS: on
MetaspaceReclaimPolicy: balanced
 - commit_granule_bytes: 65536.
 - commit_granule_words: 8192.
 - virtual_space_node_default_size: 8388608.
 - enlarge_chunks_in_place: 1.
 - new_chunks_are_fully_committed: 0.
 - uncommit_free_chunks: 1.
 - use_allocation_guard: 0.


Internal statistics:

num_allocs_failed_limit: 0.
num_arena_births: 156.
num_arena_deaths: 0.
num_vsnodes_births: 2.
num_vsnodes_deaths: 0.
num_space_committed: 162.
num_space_uncommitted: 0.
num_chunks_returned_to_freelist: 0.
num_chunks_taken_from_freelist: 207.
num_chunk_merges: 0.
num_chunk_splits: 128.
num_chunks_enlarged: 73.
num_inconsistent_stats: 0.

CodeHeap 'non-profiled nmethods': size=120000Kb used=543Kb max_used=543Kb free=119456Kb
 bounds [0x000001b9e6c40000, 0x000001b9e6eb0000, 0x000001b9ee170000]
CodeHeap 'profiled nmethods': size=120000Kb used=2657Kb max_used=2657Kb free=117342Kb
 bounds [0x000001b9df710000, 0x000001b9df9b0000, 0x000001b9e6c40000]
CodeHeap 'non-nmethods': size=5760Kb used=1382Kb max_used=1419Kb free=4377Kb
 bounds [0x000001b9df170000, 0x000001b9df3e0000, 0x000001b9df710000]
 total_blobs=2140 nmethods=1515 adapters=538
 compilation: enabled
              stopped_count=0, restarted_count=0
 full_count=0

Compilation events (20 events):
Event: 53.573 Thread 0x000001b9f9dd1980 1507       4       java.util.concurrent.TimeUnit::toNanos (45 bytes)
Event: 53.574 Thread 0x000001b9f9dd1980 nmethod 1507 0x000001b9e6cc3610 code [0x000001b9e6cc3780, 0x000001b9e6cc3878]
Event: 75.037 Thread 0x000001b9f9dd1980 1508       4       java.util.concurrent.locks.AbstractQueuedSynchronizer$Node::getAndUnsetStatus (14 bytes)
Event: 75.039 Thread 0x000001b9f9dd1980 nmethod 1508 0x000001b9e6cc3910 code [0x000001b9e6cc3a80, 0x000001b9e6cc3b58]
Event: 78.758 Thread 0x000001b9f9dd1980 1509       4       java.util.concurrent.locks.ReentrantLock$NonfairSync::tryAcquire (27 bytes)
Event: 78.761 Thread 0x000001b9f9dd1980 nmethod 1509 0x000001b9e6cc3c10 code [0x000001b9e6cc3d80, 0x000001b9e6cc3f18]
Event: 79.472 Thread 0x000001b9f9dd1980 1510       4       java.util.concurrent.locks.AbstractQueuedSynchronizer$Node::clearStatus (12 bytes)
Event: 79.473 Thread 0x000001b9f9dd1980 nmethod 1510 0x000001b9e6cc4010 code [0x000001b9e6cc4180, 0x000001b9e6cc41f8]
Event: 79.598 Thread 0x000001b9f9dd1980 1511       4       java.util.concurrent.locks.AbstractQueuedSynchronizer$ConditionObject::enableWait (84 bytes)
Event: 79.608 Thread 0x000001b9f9dd1980 nmethod 1511 0x000001b9e6cc4310 code [0x000001b9e6cc44c0, 0x000001b9e6cc4aa8]
Event: 80.687 Thread 0x000001b9f9dd1980 1512       4       javax.swing.TimerQueue$DelayedTimer::getDelay (16 bytes)
Event: 80.689 Thread 0x000001b9f9dd1980 nmethod 1512 0x000001b9e6cc4e10 code [0x000001b9e6cc4fa0, 0x000001b9e6cc5158]
Event: 82.584 Thread 0x000001b9f9dd1980 1513       4       java.util.concurrent.locks.AbstractQueuedSynchronizer$ConditionObject::unlinkCancelledWaiters (91 bytes)
Event: 82.589 Thread 0x000001b9f9dd1980 nmethod 1513 0x000001b9e6cc5310 code [0x000001b9e6cc54a0, 0x000001b9e6cc5778]
Event: 82.589 Thread 0x000001b9f9dd1980 1514       4       java.util.concurrent.locks.AbstractQueuedSynchronizer$ConditionObject::awaitNanos (200 bytes)
Event: 82.619 Thread 0x000001b9f9dd1980 nmethod 1514 0x000001b9e6cc5910 code [0x000001b9e6cc5b00, 0x000001b9e6cc68f0]
Event: 91.345 Thread 0x000001b9f9dd1980 1515       4       javax.swing.TimerQueue::now (8 bytes)
Event: 91.346 Thread 0x000001b9f9dd1980 nmethod 1515 0x000001b9e6cc7310 code [0x000001b9e6cc7480, 0x000001b9e6cc74f8]
Event: 94.935 Thread 0x000001b9f9dd1980 1516   !   4       java.util.concurrent.locks.AbstractQueuedSynchronizer::acquire (407 bytes)
Event: 94.940 Thread 0x000001b9f9dd1980 nmethod 1516 0x000001b9e6cc7610 code [0x000001b9e6cc77a0, 0x000001b9e6cc7a38]

GC Heap History (2 events):
Event: 0.699 GC heap before
{Heap before GC invocations=0 (full 0):
 garbage-first heap   total 258048K, used 36864K [0x0000000704a00000, 0x0000000800000000)
  region size 2048K, 11 young (22528K), 0 survivors (0K)
 Metaspace       used 9044K, committed 9344K, reserved 1114112K
  class space    used 978K, committed 1152K, reserved 1048576K
}
Event: 0.703 GC heap after
{Heap after GC invocations=1 (full 0):
 garbage-first heap   total 258048K, used 18928K [0x0000000704a00000, 0x0000000800000000)
  region size 2048K, 2 young (4096K), 2 survivors (4096K)
 Metaspace       used 9044K, committed 9344K, reserved 1114112K
  class space    used 978K, committed 1152K, reserved 1048576K
}

Deoptimization events (20 events):
Event: 0.785 Thread 0x000001b9fef4f3c0 Uncommon trap: trap_request=0xffffffde fr.pc=0x000001b9e6c8cf7c relative=0x0000000000000bfc
Event: 0.785 Thread 0x000001b9fef4f3c0 Uncommon trap: reason=class_check action=maybe_recompile pc=0x000001b9e6c8cf7c method=java.util.HashMap.putVal(ILjava/lang/Object;Ljava/lang/Object;ZZ)Ljava/lang/Object; @ 203 c2
Event: 0.785 Thread 0x000001b9fef4f3c0 DEOPT PACKING pc=0x000001b9e6c8cf7c sp=0x00000073117fd110
Event: 0.785 Thread 0x000001b9fef4f3c0 DEOPT UNPACKING pc=0x000001b9df1c5c23 sp=0x00000073117fd0d0 mode 2
Event: 0.785 Thread 0x000001b9fef4f3c0 Uncommon trap: trap_request=0xffffff45 fr.pc=0x000001b9e6c47bb8 relative=0x0000000000000098
Event: 0.785 Thread 0x000001b9fef4f3c0 Uncommon trap: reason=unstable_if action=reinterpret pc=0x000001b9e6c47bb8 method=java.lang.String.isLatin1()Z @ 10 c2
Event: 0.785 Thread 0x000001b9fef4f3c0 DEOPT PACKING pc=0x000001b9e6c47bb8 sp=0x00000073117fd1a0
Event: 0.785 Thread 0x000001b9fef4f3c0 DEOPT UNPACKING pc=0x000001b9df1c5c23 sp=0x00000073117fd0d0 mode 2
Event: 0.787 Thread 0x000001b9fef4f3c0 Uncommon trap: trap_request=0xffffff45 fr.pc=0x000001b9e6c585c8 relative=0x0000000000000048
Event: 0.787 Thread 0x000001b9fef4f3c0 Uncommon trap: reason=unstable_if action=reinterpret pc=0x000001b9e6c585c8 method=java.lang.CharacterData.of(I)Ljava/lang/CharacterData; @ 4 c2
Event: 0.787 Thread 0x000001b9fef4f3c0 DEOPT PACKING pc=0x000001b9e6c585c8 sp=0x00000073117fd0f0
Event: 0.787 Thread 0x000001b9fef4f3c0 DEOPT UNPACKING pc=0x000001b9df1c5c23 sp=0x00000073117fd090 mode 2
Event: 0.796 Thread 0x000001b9fef4f3c0 Uncommon trap: trap_request=0xffffff45 fr.pc=0x000001b9e6c9fa44 relative=0x0000000000000404
Event: 0.796 Thread 0x000001b9fef4f3c0 Uncommon trap: reason=unstable_if action=reinterpret pc=0x000001b9e6c9fa44 method=java.lang.Character.isSurrogate(C)Z @ 3 c2
Event: 0.796 Thread 0x000001b9fef4f3c0 DEOPT PACKING pc=0x000001b9e6c9fa44 sp=0x00000073117fcd00
Event: 0.796 Thread 0x000001b9fef4f3c0 DEOPT UNPACKING pc=0x000001b9df1c5c23 sp=0x00000073117fcc28 mode 2
Event: 0.822 Thread 0x000001b9fef4f3c0 Uncommon trap: trap_request=0xffffff45 fr.pc=0x000001b9e6ca1844 relative=0x0000000000000124
Event: 0.822 Thread 0x000001b9fef4f3c0 Uncommon trap: reason=unstable_if action=reinterpret pc=0x000001b9e6ca1844 method=java.lang.ThreadLocal$ThreadLocalMap.getEntry(Ljava/lang/ThreadLocal;)Ljava/lang/ThreadLocal$ThreadLocalMap$Entry; @ 21 c2
Event: 0.822 Thread 0x000001b9fef4f3c0 DEOPT PACKING pc=0x000001b9e6ca1844 sp=0x00000073117fd690
Event: 0.822 Thread 0x000001b9fef4f3c0 DEOPT UNPACKING pc=0x000001b9df1c5c23 sp=0x00000073117fd5b8 mode 2

Classes loaded (20 events):
Event: 1.638 Loading class sun/nio/fs/WindowsChannelFactory
Event: 1.638 Loading class sun/nio/fs/WindowsChannelFactory done
Event: 1.638 Loading class sun/nio/fs/WindowsChannelFactory$1
Event: 1.638 Loading class sun/nio/fs/WindowsChannelFactory$1 done
Event: 1.638 Loading class sun/nio/fs/WindowsChannelFactory$Flags
Event: 1.638 Loading class sun/nio/fs/WindowsChannelFactory$Flags done
Event: 1.639 Loading class sun/nio/ch/FileChannelImpl$Closer
Event: 1.639 Loading class sun/nio/ch/FileChannelImpl$Closer done
Event: 1.639 Loading class java/nio/channels/Channels
Event: 1.639 Loading class java/nio/channels/Channels done
Event: 1.639 Loading class sun/nio/ch/ChannelInputStream
Event: 1.639 Loading class sun/nio/ch/ChannelInputStream done
Event: 1.639 Loading class sun/nio/cs/StreamDecoder
Event: 1.639 Loading class sun/nio/cs/StreamDecoder done
Event: 1.639 Loading class java/io/BufferedReader
Event: 1.639 Loading class java/io/BufferedReader done
Event: 1.640 Loading class java/io/BufferedReader$1
Event: 1.640 Loading class java/io/BufferedReader$1 done
Event: 1.640 Loading class java/nio/channels/SelectableChannel
Event: 1.641 Loading class java/nio/channels/SelectableChannel done

Classes unloaded (0 events):
No events

Classes redefined (1 events):
Event: 143.517 Thread 0x000001b9f9da5b80 redefined class name=treasurequest.domains.CaseMap, count=1

Internal exceptions (20 events):
Event: 0.363 Thread 0x000001b9fef4f3c0 Exception <a 'java/lang/NoSuchMethodError'{0x0000000713dd0ba0}: 'java.lang.Object java.lang.invoke.DirectMethodHandle$Holder.newInvokeSpecial(java.lang.Object, java.lang.Object, java.lang.Object, java.lang.Object, java.lang.Object)'> (0x0000000713dd0ba0) 
thrown [s\open\src\hotspot\share\interpreter\linkResolver.cpp, line 759]
Event: 0.368 Thread 0x000001b9fef4f3c0 Exception <a 'java/lang/NoSuchMethodError'{0x0000000713a02940}: 'java.lang.Object java.lang.invoke.DirectMethodHandle$Holder.invokeStatic(java.lang.Object, int, java.lang.Object)'> (0x0000000713a02940) 
thrown [s\open\src\hotspot\share\interpreter\linkResolver.cpp, line 759]
Event: 0.411 Thread 0x000001b9fef4f3c0 Exception <a 'java/lang/ClassNotFoundException'{0x0000000713ac5d88}: com/sun/swing/internal/plaf/metal/resources/spi/metalProvider> (0x0000000713ac5d88) 
thrown [s\open\src\hotspot\share\classfile\systemDictionary.cpp, line 255]
Event: 0.412 Thread 0x000001b9fef4f3c0 Exception <a 'java/lang/ClassNotFoundException'{0x0000000713ac9df0}: com/sun/swing/internal/plaf/basic/resources/spi/basicProvider> (0x0000000713ac9df0) 
thrown [s\open\src\hotspot\share\classfile\systemDictionary.cpp, line 255]
Event: 0.419 Thread 0x000001b9fef4f3c0 Exception <a 'java/lang/NoSuchMethodError'{0x0000000713ae4468}: 'void java.lang.invoke.DirectMethodHandle$Holder.invokeStaticInit(java.lang.Object)'> (0x0000000713ae4468) 
thrown [s\open\src\hotspot\share\interpreter\linkResolver.cpp, line 759]
Event: 0.430 Thread 0x000001b9fef4f3c0 Exception <a 'java/lang/ClassNotFoundException'{0x0000000713b49cd0}: com/sun/java/swing/plaf/windows/resources/spi/windowsProvider> (0x0000000713b49cd0) 
thrown [s\open\src\hotspot\share\classfile\systemDictionary.cpp, line 255]
Event: 0.444 Thread 0x000001b9ff10bca0 Exception <a 'java/lang/NoSuchMethodError'{0x0000000713bd1ac8}: 'java.lang.Object java.lang.invoke.DirectMethodHandle$Holder.newInvokeSpecial(java.lang.Object, java.lang.Object, java.lang.Object, int, int, int, int, int)'> (0x0000000713bd1ac8) 
thrown [s\open\src\hotspot\share\interpreter\linkResolver.cpp, line 759]
Event: 0.497 Thread 0x000001b9fef4f3c0 Exception <a 'java/lang/NoSuchMethodError'{0x0000000713b76658}: 'java.lang.Object java.lang.invoke.DirectMethodHandle$Holder.newInvokeSpecial(java.lang.Object, java.lang.Object, int, int, int, int, int)'> (0x0000000713b76658) 
thrown [s\open\src\hotspot\share\interpreter\linkResolver.cpp, line 759]
Event: 0.497 Thread 0x000001b9fef4f3c0 Exception <a 'java/lang/NoSuchMethodError'{0x0000000713b7a7c8}: 'java.lang.Object java.lang.invoke.DirectMethodHandle$Holder.invokeSpecial(java.lang.Object, java.lang.Object, java.lang.Object, int, int, int, int, int)'> (0x0000000713b7a7c8) 
thrown [s\open\src\hotspot\share\interpreter\linkResolver.cpp, line 759]
Event: 0.564 Thread 0x000001b9fef4f3c0 Implicit null exception at 0x000001b9e6c7d75e to 0x000001b9e6c7e3d0
Event: 0.566 Thread 0x000001b9fef4f3c0 Exception <a 'java/lang/NoSuchMethodError'{0x0000000713494678}: 'int java.lang.invoke.Invokers$Holder.invokeExact_MT(java.lang.Object, java.lang.Object)'> (0x0000000713494678) 
thrown [s\open\src\hotspot\share\interpreter\linkResolver.cpp, line 759]
Event: 0.566 Thread 0x000001b9fef4f3c0 Implicit null exception at 0x000001b9e6c88a13 to 0x000001b9e6c88d3c
Event: 0.566 Thread 0x000001b9fef4f3c0 Implicit null exception at 0x000001b9e6c76e8f to 0x000001b9e6c76f0d
Event: 0.569 Thread 0x000001b9fef4f3c0 Exception <a 'java/lang/NoSuchMethodError'{0x000000071349d818}: 'void java.lang.invoke.DirectMethodHandle$Holder.invokeSpecial(java.lang.Object, java.lang.Object, int)'> (0x000000071349d818) 
thrown [s\open\src\hotspot\share\interpreter\linkResolver.cpp, line 759]
Event: 0.578 Thread 0x000001b9fef47e70 Exception <a 'java/lang/NoSuchMethodError'{0x0000000713c80be8}: 'void java.lang.invoke.DirectMethodHandle$Holder.invokeVirtual(java.lang.Object, java.lang.Object)'> (0x0000000713c80be8) 
thrown [s\open\src\hotspot\share\interpreter\linkResolver.cpp, line 759]
Event: 0.676 Thread 0x000001b9fef4f3c0 Exception <a 'java/io/FileNotFoundException'{0x000000071315b128}> (0x000000071315b128) 
thrown [s\open\src\hotspot\share\prims\jni.cpp, line 516]
Event: 0.688 Thread 0x000001b9fef4f3c0 Exception <a 'java/io/FileNotFoundException'{0x00000007131a6088}> (0x00000007131a6088) 
thrown [s\open\src\hotspot\share\prims\jni.cpp, line 516]
Event: 0.695 Thread 0x000001b9fef4f3c0 Exception <a 'java/io/FileNotFoundException'{0x00000007131e0b18}> (0x00000007131e0b18) 
thrown [s\open\src\hotspot\share\prims\jni.cpp, line 516]
Event: 0.709 Thread 0x000001b9fef4f3c0 Exception <a 'java/io/FileNotFoundException'{0x000000071442d9c8}> (0x000000071442d9c8) 
thrown [s\open\src\hotspot\share\prims\jni.cpp, line 516]
Event: 0.822 Thread 0x000001b9fef4f3c0 Implicit null exception at 0x000001b9e6ca1784 to 0x000001b9e6ca1824

VM Operations (20 events):
Event: 35.124 Executing VM operation: Cleanup
Event: 35.125 Executing VM operation: Cleanup done
Event: 46.227 Executing VM operation: Cleanup
Event: 46.227 Executing VM operation: Cleanup done
Event: 50.263 Executing VM operation: Cleanup
Event: 50.263 Executing VM operation: Cleanup done
Event: 79.535 Executing VM operation: Cleanup
Event: 79.535 Executing VM operation: Cleanup done
Event: 143.508 Executing VM operation: ChangeSingleStep
Event: 143.508 Executing VM operation: ChangeSingleStep done
Event: 143.509 Executing VM operation: ChangeSingleStep
Event: 143.509 Executing VM operation: ChangeSingleStep done
Event: 143.515 Executing VM operation: RedefineClasses
Event: 143.522 Executing VM operation: RedefineClasses done
Event: 143.523 Executing VM operation: ChangeSingleStep
Event: 143.523 Executing VM operation: ChangeSingleStep done
Event: 143.524 Executing VM operation: get/set locals
Event: 143.524 Executing VM operation: get/set locals done
Event: 143.525 Executing VM operation: ChangeSingleStep
Event: 143.525 Executing VM operation: ChangeSingleStep done

Events (20 events):
Event: 0.131 Loaded shared library C:\Program Files\Java\jdk-18.0.2.1\bin\zip.dll
Event: 0.200 Loaded shared library C:\Program Files\Java\jdk-18.0.2.1\bin\jimage.dll
Event: 0.278 Thread 0x000001b9feb73640 Thread added: 0x000001b9feb73640
Event: 0.286 Loaded shared library C:\Program Files\Java\jdk-18.0.2.1\bin\awt.dll
Event: 0.317 Thread 0x000001b9fef458b0 Thread added: 0x000001b9fef458b0
Event: 0.317 Thread 0x000001b9fef46c00 Thread added: 0x000001b9fef46c00
Event: 0.318 Thread 0x000001b9fef47e70 Thread added: 0x000001b9fef47e70
Event: 0.328 Thread 0x000001b9fef4f3c0 Thread added: 0x000001b9fef4f3c0
Event: 0.328 Thread 0x000001b9d7840dd0 Thread exited: 0x000001b9d7840dd0
Event: 0.328 Thread 0x000001b9d7840dd0 Thread added: 0x000001b9d7840dd0
Event: 0.441 Thread 0x000001b9ff10bca0 Thread added: 0x000001b9ff10bca0
Event: 0.462 Loaded shared library C:\Program Files\Java\jdk-18.0.2.1\bin\javajpeg.dll
Event: 0.504 Loaded shared library C:\Program Files\Java\jdk-18.0.2.1\bin\freetype.dll
Event: 0.505 Loaded shared library C:\Program Files\Java\jdk-18.0.2.1\bin\fontmanager.dll
Event: 0.571 Thread 0x000001b9ff21dfd0 Thread added: 0x000001b9ff21dfd0
Event: 0.790 Thread 0x000001b9ff472890 Thread added: 0x000001b9ff472890
Event: 0.830 Thread 0x000001b9ff22a080 Thread added: 0x000001b9ff22a080
Event: 0.938 Thread 0x000001b9ff22a080 Thread exited: 0x000001b9ff22a080
Event: 1.009 Thread 0x000001b9ff472890 Thread exited: 0x000001b9ff472890
Event: 5.557 Thread 0x000001b9ff10bca0 Thread exited: 0x000001b9ff10bca0


Dynamic libraries:
0x00007ff6a47f0000 - 0x00007ff6a4800000 	C:\Program Files\Java\jdk-18.0.2.1\bin\javaw.exe
0x00007fff1fbd0000 - 0x00007fff1fde4000 	C:\WINDOWS\SYSTEM32\ntdll.dll
0x00007fff1e950000 - 0x00007fff1ea12000 	C:\WINDOWS\System32\KERNEL32.DLL
0x00007fff1d3e0000 - 0x00007fff1d77c000 	C:\WINDOWS\System32\KERNELBASE.dll
0x00007fff1d180000 - 0x00007fff1d291000 	C:\WINDOWS\System32\ucrtbase.dll
0x00007fff19d20000 - 0x00007fff19d38000 	C:\Program Files\Java\jdk-18.0.2.1\bin\jli.dll
0x00007fff17eb0000 - 0x00007fff17eca000 	C:\Program Files\Java\jdk-18.0.2.1\bin\VCRUNTIME140.dll
0x00007fff1dcd0000 - 0x00007fff1dd7e000 	C:\WINDOWS\System32\ADVAPI32.dll
0x00007fff1e8a0000 - 0x00007fff1e947000 	C:\WINDOWS\System32\msvcrt.dll
0x00007fff1e660000 - 0x00007fff1e704000 	C:\WINDOWS\System32\sechost.dll
0x00007fff1db30000 - 0x00007fff1dc47000 	C:\WINDOWS\System32\RPCRT4.dll
0x00007fff1f640000 - 0x00007fff1f7eb000 	C:\WINDOWS\System32\USER32.dll
0x00007fff1d8a0000 - 0x00007fff1d8c6000 	C:\WINDOWS\System32\win32u.dll
0x00007ffefff70000 - 0x00007fff001fe000 	C:\WINDOWS\WinSxS\amd64_microsoft.windows.common-controls_6595b64144ccf1df_6.0.22621.608_none_a9444ca7c10bb01d\COMCTL32.dll
0x00007fff1e190000 - 0x00007fff1e1b9000 	C:\WINDOWS\System32\GDI32.dll
0x00007fff1d780000 - 0x00007fff1d893000 	C:\WINDOWS\System32\gdi32full.dll
0x00007fff1d8d0000 - 0x00007fff1d96a000 	C:\WINDOWS\System32\msvcp_win.dll
0x00007fff151b0000 - 0x00007fff151ba000 	C:\WINDOWS\SYSTEM32\VERSION.dll
0x00007fff1f340000 - 0x00007fff1f371000 	C:\WINDOWS\System32\IMM32.DLL
0x00007fff19da0000 - 0x00007fff19dac000 	C:\Program Files\Java\jdk-18.0.2.1\bin\vcruntime140_1.dll
0x00007fff09d60000 - 0x00007fff09ded000 	C:\Program Files\Java\jdk-18.0.2.1\bin\msvcp140.dll
0x00007ffea1c30000 - 0x00007ffea2841000 	C:\Program Files\Java\jdk-18.0.2.1\bin\server\jvm.dll
0x00007fff1f330000 - 0x00007fff1f338000 	C:\WINDOWS\System32\PSAPI.DLL
0x00007fff08320000 - 0x00007fff08354000 	C:\WINDOWS\SYSTEM32\WINMM.dll
0x00007fff0a590000 - 0x00007fff0a599000 	C:\WINDOWS\SYSTEM32\WSOCK32.dll
0x00007fff1dc50000 - 0x00007fff1dcc1000 	C:\WINDOWS\System32\WS2_32.dll
0x00007fff1c020000 - 0x00007fff1c038000 	C:\WINDOWS\SYSTEM32\kernel.appcore.dll
0x00007fff19d10000 - 0x00007fff19d1a000 	C:\Program Files\Java\jdk-18.0.2.1\bin\jimage.dll
0x00007fff1a710000 - 0x00007fff1a93e000 	C:\WINDOWS\SYSTEM32\DBGHELP.DLL
0x00007fff1dd80000 - 0x00007fff1e109000 	C:\WINDOWS\System32\combase.dll
0x00007fff1da50000 - 0x00007fff1db27000 	C:\WINDOWS\System32\OLEAUT32.dll
0x00007ffef3a10000 - 0x00007ffef3a42000 	C:\WINDOWS\SYSTEM32\dbgcore.DLL
0x00007fff1d2a0000 - 0x00007fff1d31b000 	C:\WINDOWS\System32\bcryptPrimitives.dll
0x00007fff09a20000 - 0x00007fff09a5b000 	C:\Program Files\Java\jdk-18.0.2.1\bin\jdwp.dll
0x00007fff19cf0000 - 0x00007fff19cfe000 	C:\Program Files\Java\jdk-18.0.2.1\bin\instrument.dll
0x00007fff14540000 - 0x00007fff14565000 	C:\Program Files\Java\jdk-18.0.2.1\bin\java.dll
0x00007ffefbcd0000 - 0x00007ffefbda6000 	C:\Program Files\Java\jdk-18.0.2.1\bin\jsvml.dll
0x00007fff1ea20000 - 0x00007fff1f210000 	C:\WINDOWS\System32\SHELL32.dll
0x00007fff1afd0000 - 0x00007fff1b89d000 	C:\WINDOWS\SYSTEM32\windows.storage.dll
0x00007fff1ae90000 - 0x00007fff1afce000 	C:\WINDOWS\SYSTEM32\wintypes.dll
0x00007fff1f7f0000 - 0x00007fff1f8e1000 	C:\WINDOWS\System32\SHCORE.dll
0x00007fff1e130000 - 0x00007fff1e18e000 	C:\WINDOWS\System32\shlwapi.dll
0x00007fff1cf40000 - 0x00007fff1cf61000 	C:\WINDOWS\SYSTEM32\profapi.dll
0x00007fff17ea0000 - 0x00007fff17eac000 	C:\Program Files\Java\jdk-18.0.2.1\bin\dt_socket.dll
0x00007fff1baf0000 - 0x00007fff1bb1d000 	C:\WINDOWS\SYSTEM32\IPHLPAPI.DLL
0x00007fff1c500000 - 0x00007fff1c569000 	C:\WINDOWS\system32\mswsock.dll
0x00007fff1bb20000 - 0x00007fff1bc13000 	C:\WINDOWS\SYSTEM32\DNSAPI.dll
0x00007fff1da40000 - 0x00007fff1da49000 	C:\WINDOWS\System32\NSI.dll
0x00007fff14750000 - 0x00007fff1475a000 	C:\Windows\System32\rasadhlp.dll
0x00007fff14a60000 - 0x00007fff14ae3000 	C:\WINDOWS\System32\fwpuclnt.dll
0x00007fff15d80000 - 0x00007fff15d98000 	C:\Program Files\Java\jdk-18.0.2.1\bin\zip.dll
0x00007fff111a0000 - 0x00007fff111b3000 	C:\Program Files\Java\jdk-18.0.2.1\bin\net.dll
0x00007fff16cb0000 - 0x00007fff16de7000 	C:\WINDOWS\SYSTEM32\WINHTTP.dll
0x00007fff0e0c0000 - 0x00007fff0e0d6000 	C:\Program Files\Java\jdk-18.0.2.1\bin\nio.dll
0x00007ffeec3f0000 - 0x00007ffeec57f000 	C:\Program Files\Java\jdk-18.0.2.1\bin\awt.dll
0x00007fff19e10000 - 0x00007fff19ea6000 	C:\WINDOWS\SYSTEM32\apphelp.dll
0x00007fff1a220000 - 0x00007fff1a2cb000 	C:\WINDOWS\system32\uxtheme.dll
0x00007fff1f210000 - 0x00007fff1f32e000 	C:\WINDOWS\System32\MSCTF.dll
0x00007fff1f900000 - 0x00007fff1fa9c000 	C:\WINDOWS\System32\ole32.dll
0x00007fff1a6e0000 - 0x00007fff1a70b000 	C:\WINDOWS\system32\DWMAPI.DLL
0x00007fff0a600000 - 0x00007fff0a62d000 	C:\Program Files\Java\jdk-18.0.2.1\bin\javajpeg.dll
0x00007ffefa830000 - 0x00007ffefa8b6000 	C:\Program Files\Java\jdk-18.0.2.1\bin\freetype.dll
0x00007ffee8e20000 - 0x00007ffee8ec8000 	C:\Program Files\Java\jdk-18.0.2.1\bin\fontmanager.dll
0x00007fff005a0000 - 0x00007fff006a0000 	C:\WINDOWS\system32\opengl32.dll
0x00007fff0e080000 - 0x00007fff0e0ad000 	C:\WINDOWS\SYSTEM32\GLU32.dll
0x00007fff1a300000 - 0x00007fff1a336000 	C:\WINDOWS\SYSTEM32\dxcore.dll
0x00007ffeffe40000 - 0x00007ffefff6e000 	C:\WINDOWS\SYSTEM32\textinputframework.dll
0x00007fff19b70000 - 0x00007fff19ca3000 	C:\WINDOWS\SYSTEM32\CoreMessaging.dll
0x00007fff164f0000 - 0x00007fff1685c000 	C:\WINDOWS\SYSTEM32\CoreUIComponents.dll
0x00007fff1c740000 - 0x00007fff1c74c000 	C:\WINDOWS\SYSTEM32\CRYPTBASE.DLL

dbghelp: loaded successfully - version: 4.0.5 - missing functions: none
symbol engine: initialized successfully - sym options: 0x614 - pdb path: .;C:\Program Files\Java\jdk-18.0.2.1\bin;C:\WINDOWS\SYSTEM32;C:\WINDOWS\WinSxS\amd64_microsoft.windows.common-controls_6595b64144ccf1df_6.0.22621.608_none_a9444ca7c10bb01d;C:\Program Files\Java\jdk-18.0.2.1\bin\server

VM Arguments:
jvm_args: -XX:+ShowCodeDetailsInExceptionMessages -agentlib:jdwp=transport=dt_socket,suspend=y,address=localhost:61859 -javaagent:C:\Users\virgi\Desktop\eclipse\configuration\org.eclipse.osgi\415\0\.cp\lib\javaagent-shaded.jar -Dfile.encoding=UTF-8 
java_command: treasurequest.Program
java_class_path (initial): C:\Users\virgi\OneDrive\ecole\HELMO\22-23\ai\workspace\ai2023.bigare.virgile\bin;C:\Users\virgi\OneDrive\ecole\HELMO\22-23\ai\workspace\ai2023.bigare.virgile\libs\archunit-1.0.1.jar;C:\Users\virgi\OneDrive\ecole\HELMO\22-23\ai\workspace\ai2023.bigare.virgile\libs\archunit-junit5-1.0.1.jar;C:\Users\virgi\OneDrive\ecole\HELMO\22-23\ai\workspace\ai2023.bigare.virgile\libs\archunit-junit5-api-1.0.1.jar;C:\Users\virgi\OneDrive\ecole\HELMO\22-23\ai\workspace\ai2023.bigare.virgile\libs\archunit-junit5-engine-1.0.1.jar;C:\Users\virgi\OneDrive\ecole\HELMO\22-23\ai\workspace\ai2023.bigare.virgile\libs\archunit-junit5-engine-api-1.0.1.jar;C:\Users\virgi\OneDrive\ecole\HELMO\22-23\ai\workspace\ai2023.bigare.virgile\libs\slf4j-api-2.0.7.jar;C:\Users\virgi\Desktop\eclipse\plugins\org.junit.jupiter.api_5.7.1.v20210222-1948.jar;C:\Users\virgi\Desktop\eclipse\plugins\org.junit.jupiter.engine_5.7.1.v20210222-1948.jar;C:\Users\virgi\Desktop\eclipse\plugins\org.junit.jupiter.migrationsupport_5.7.1.v20210222-1948.jar;C:\Users\virgi\Desktop\eclipse\plugins\org.junit.jupiter.params_5.7.1.v20210222-1948.jar;C:\Users\virgi\Desktop\eclipse\plugins\org.junit.platform.commons_1.7.1.v20210222-1948.jar;C:\Users\virgi\Desktop\eclipse\plugins\org.junit.platform.engine_1.7.1.v20210222-1948.jar;C:\Users\virgi\Desktop\eclipse\plugins\org.junit.platform.launcher_1.7.1.v20210222-1948.jar;C:\Users\virgi\Desktop\eclipse\plugins\org.junit.platform.runner_1.7.1.v20210222-1948.jar;C:\Users\virgi\Desktop\eclipse\plugins\org.junit.platform.suite.api_1.7.1.v20210222-1948.jar;C:\Users\virgi\Desktop\eclipse\plugins\org.junit.vintage.engine_5.7.1.v20210222-1948.jar;C:\Users\virgi\Desktop\eclipse\plugins\org.opentest4j_1.2.0.v20190826-0900.jar;C:\Users\virgi\Desktop\eclipse\plugins\org.apiguardian_1.1.0.v20190826-0900.jar;C:\Users\virgi\Desktop\eclipse\plugins\org.junit_4.13.0.v20200204-1500.jar;C:\Users\virgi\Desktop\eclipse\plugins\org.hamcrest.core_1.3.0.v20180420-1519.jar
Launcher Type: SUN_STANDARD

[Global flags]
     intx CICompilerCount                          = 4                                         {product} {ergonomic}
     uint ConcGCThreads                            = 2                                         {product} {ergonomic}
     uint G1ConcRefinementThreads                  = 8                                         {product} {ergonomic}
   size_t G1HeapRegionSize                         = 2097152                                   {product} {ergonomic}
    uintx GCDrainStackTargetSize                   = 64                                        {product} {ergonomic}
   size_t InitialHeapSize                          = 264241152                                 {product} {ergonomic}
   size_t MarkStackSize                            = 4194304                                   {product} {ergonomic}
   size_t MaxHeapSize                              = 4217372672                                {product} {ergonomic}
   size_t MaxNewSize                               = 2529165312                                {product} {ergonomic}
   size_t MinHeapDeltaBytes                        = 2097152                                   {product} {ergonomic}
   size_t MinHeapSize                              = 8388608                                   {product} {ergonomic}
    uintx NonNMethodCodeHeapSize                   = 5839372                                {pd product} {ergonomic}
    uintx NonProfiledCodeHeapSize                  = 122909434                              {pd product} {ergonomic}
    uintx ProfiledCodeHeapSize                     = 122909434                              {pd product} {ergonomic}
    uintx ReservedCodeCacheSize                    = 251658240                              {pd product} {ergonomic}
     bool SegmentedCodeCache                       = true                                      {product} {ergonomic}
     bool ShowCodeDetailsInExceptionMessages       = true                                   {manageable} {command line}
   size_t SoftMaxHeapSize                          = 4217372672                             {manageable} {ergonomic}
     bool UseCompressedClassPointers               = true                           {product lp64_product} {ergonomic}
     bool UseCompressedOops                        = true                           {product lp64_product} {ergonomic}
     bool UseG1GC                                  = true                                      {product} {ergonomic}
     bool UseLargePagesIndividualAllocation        = false                                  {pd product} {ergonomic}

Logging:
Log output configuration:
 #0: stdout all=warning uptime,level,tags foldmultilines=false
 #1: stderr all=off uptime,level,tags foldmultilines=false

Environment Variables:
PATH=C:/Users/virgi/Desktop/eclipse//plugins/org.eclipse.justj.openjdk.hotspot.jre.full.win32.x86_64_16.0.1.v20210528-1205/jre/bin/server;C:/Users/virgi/Desktop/eclipse//plugins/org.eclipse.justj.openjdk.hotspot.jre.full.win32.x86_64_16.0.1.v20210528-1205/jre/bin;C:\Program Files\Common Files\Oracle\Java\javapath;C:\Program Files (x86)\VMware\VMware Player\bin\;C:\Program Files\Zulu\zulu-11\bin\;C:\Program Files\AdoptOpenJDK\jdk-11.0.11.9-hotspot\bin;C:\WINDOWS\system32;C:\WINDOWS;C:\WINDOWS\System32\Wbem;C:\WINDOWS\System32\WindowsPowerShell\v1.0\;C:\WINDOWS\System32\OpenSSH\;C:\Program Files (x86)\Microsoft SQL Server\150\DTS\Binn\;C:\Program Files\Azure Data Studio\bin;C:\Program Files\Git\cmd;C:\Program Files\PuTTY\;C:\Users\virgi\AppData\Local\Programs\Python\Python38\Scripts\;C:\Users\virgi\AppData\Local\Programs\Python\Python38\;C:\Users\virgi\AppData\Local\Microsoft\WindowsApps;C:\Users\virgi\AppData\Local\atom\bin;C:\Users\virgi\AppData\Local\Programs\Microsoft VS Code\bin;C:\Program Files\Azure Data Studio\bin;C:\Users\virgi\AppData\Local\JetBrains\Toolbox\scripts;C:\Users\virgi\AppData\Local\Microsoft\WindowsApps;C:\Users\virgi\AppData\Local\GitHubDesktop\bin;C:\Users\virgi\Desktop\eclipse;
USERNAME=virgi
OS=Windows_NT
PROCESSOR_IDENTIFIER=Intel64 Family 6 Model 140 Stepping 1, GenuineIntel



---------------  S Y S T E M  ---------------

OS:
 Windows 11 , 64 bit Build 22621 (10.0.22621.1485)
OS uptime: 10 days 2:51 hours
Hyper-V role detected

CPU: total 8 (initial active 8) (4 cores per cpu, 2 threads per core) family 6 model 140 stepping 1 microcode 0x60, cx8, cmov, fxsr, ht, mmx, 3dnowpref, sse, sse2, sse3, ssse3, sse4.1, sse4.2, popcnt, lzcnt, tsc, tscinvbit, avx, avx2, aes, erms, clmul, bmi1, bmi2, adx, avx512f, avx512dq, avx512cd, avx512bw, avx512vl, sha, fma, vzeroupper, avx512_vpopcntdq, avx512_vpclmulqdq, avx512_vaes, avx512_vnni, clflush, clflushopt, clwb, avx512_vbmi2, avx512_vbmi, hv

Memory: 4k page, system-wide physical 16086M (8058M free)
TotalPageFile size 17110M (AvailPageFile size 6162M)
current process WorkingSet (physical memory assigned to process): 104M, peak: 114M
current process commit charge ("private bytes"): 362M, peak: 374M

vm_info: Java HotSpot(TM) 64-Bit Server VM (18.0.2.1+1-1) for windows-amd64 JRE (18.0.2.1+1-1), built on Aug 16 2022 01:46:33 by "mach5one" with MS VC++ 16.8 / 16.9 (VS2019)

END.
